\BOOKMARK [0][-]{dummy.5}{\376\377\000N\000o\000m\000e\000n\000c\000l\000a\000t\000u\000r\000e}{}% 1
\BOOKMARK [0][-]{dummy.8}{\376\377\000A\000c\000k\000n\000o\000w\000l\000e\000d\000g\000e\000m\000e\000n\000t\000s}{}% 2
\BOOKMARK [0][-]{chapter.9}{\376\377\0001\000\040\000I\000n\000t\000r\000o\000d\000u\000c\000t\000i\000o\000n}{}% 3
\BOOKMARK [0][-]{chapter.10}{\376\377\0002\000\040\000B\000a\000c\000k\000g\000r\000o\000u\000n\000d\000\040\000R\000e\000s\000e\000a\000r\000c\000h}{}% 4
\BOOKMARK [1][-]{section.11}{\376\377\0002\000.\0001\000\040\000L\000i\000t\000e\000r\000a\000t\000u\000r\000e\000\040\000R\000e\000v\000i\000e\000w}{chapter.10}% 5
\BOOKMARK [0][-]{chapter.12}{\376\377\0003\000\040\000D\000e\000s\000i\000g\000n}{}% 6
\BOOKMARK [1][-]{section.13}{\376\377\0003\000.\0001\000\040\000C\000l\000a\000s\000s\000\040\000D\000i\000a\000g\000r\000a\000m}{chapter.12}% 7
\BOOKMARK [1][-]{section.14}{\376\377\0003\000.\0002\000\040\000S\000e\000q\000u\000e\000n\000c\000e\000\040\000D\000i\000a\000g\000r\000a\000m}{chapter.12}% 8
\BOOKMARK [0][-]{chapter.15}{\376\377\0004\000\040\000I\000m\000p\000l\000e\000m\000e\000n\000t\000a\000t\000i\000o\000n}{}% 9
\BOOKMARK [1][-]{section.16}{\376\377\0004\000.\0001\000\040\000A\000p\000p\000r\000o\000a\000c\000h}{chapter.15}% 10
\BOOKMARK [0][-]{chapter.17}{\376\377\0005\000\040\000T\000e\000s\000t\000i\000n\000g}{}% 11
\BOOKMARK [1][-]{section.18}{\376\377\0005\000.\0001\000\040\000U\000n\000i\000t\000\040\000T\000e\000s\000t\000i\000n\000g}{chapter.17}% 12
\BOOKMARK [1][-]{section.19}{\376\377\0005\000.\0002\000\040\000I\000n\000t\000e\000g\000r\000a\000t\000i\000o\000n\000\040\000T\000e\000s\000t\000i\000n\000g}{chapter.17}% 13
\BOOKMARK [0][-]{chapter.20}{\376\377\0006\000\040\000C\000o\000n\000c\000l\000u\000s\000i\000o\000n\000s}{}% 14
\BOOKMARK [1][-]{section.21}{\376\377\0006\000.\0001\000\040\000U\000s\000e\000r\000\040\000E\000v\000a\000l\000u\000a\000t\000i\000o\000n}{chapter.20}% 15
\BOOKMARK [0][-]{chapter.22}{\376\377\0007\000\040\000P\000r\000o\000j\000e\000c\000t\000\040\000M\000a\000n\000a\000g\000e\000m\000e\000n\000t}{}% 16
\BOOKMARK [1][-]{section.23}{\376\377\0007\000.\0001\000\040\000G\000a\000n\000t\000t\000\040\000C\000h\000a\000r\000t\000s}{chapter.22}% 17
\BOOKMARK [2][-]{subsection.24}{\376\377\0007\000.\0001\000.\0001\000\040\000I\000n\000i\000t\000i\000a\000l}{section.23}% 18
\BOOKMARK [2][-]{subsection.25}{\376\377\0007\000.\0001\000.\0002\000\040\000M\000i\000d\000d\000l\000e\000\040\0001}{section.23}% 19
\BOOKMARK [2][-]{subsection.26}{\376\377\0007\000.\0001\000.\0003\000\040\000M\000i\000d\000d\000l\000e\000\040\0002}{section.23}% 20
\BOOKMARK [2][-]{subsection.27}{\376\377\0007\000.\0001\000.\0004\000\040\000F\000i\000n\000a\000l}{section.23}% 21
\BOOKMARK [0][-]{appendix.28}{\376\377\000A\000\040\000S\000t\000u\000f\000f}{}% 22
